<?xml version="1.0" encoding="UTF-8"?>
<!-- Generated by org.testng.reporters.JUnitXMLReporter -->
<testsuite hostname="SUNILJAKHAR" ignored="0" name="Surefire test" tests="3" failures="0" timestamp="21 Mar 2019 19:17:35 GMT" time="0.124" errors="0">
  <testcase name="AppiumUITest" time="0.022" classname="MavenJavaGpID.AppiumTest"/>
  <testcase name="RestAssuredUITest" time="0.002" classname="MavenJavaGpID.RestAssuredAPITest"/>
  <testcase name="SeleniumUITest" time="0.002" classname="MavenJavaGpID.SeleniumTest"/>
</testsuite> <!-- Surefire test -->
