<?xml version="1.0" encoding="UTF-8"?>
<testng-results skipped="0" failed="0" ignored="0" total="3" passed="3">
  <reporter-output>
  </reporter-output>
  <suite name="Surefire suite" duration-ms="124" started-at="2019-03-21T19:17:34Z" finished-at="2019-03-21T19:17:35Z">
    <groups>
    </groups>
    <test name="Surefire test" duration-ms="124" started-at="2019-03-21T19:17:34Z" finished-at="2019-03-21T19:17:35Z">
      <class name="MavenJavaGpID.RestAssuredAPITest">
        <test-method status="PASS" signature="RestAssuredUITest()[pri:0, instance:MavenJavaGpID.RestAssuredAPITest@6276ae34]" name="RestAssuredUITest" duration-ms="2" started-at="2019-03-21T19:17:35Z" finished-at="2019-03-21T19:17:35Z">
          <reporter-output>
          </reporter-output>
        </test-method> <!-- RestAssuredUITest -->
      </class> <!-- MavenJavaGpID.RestAssuredAPITest -->
      <class name="MavenJavaGpID.SeleniumTest">
        <test-method status="PASS" signature="SeleniumUITest()[pri:0, instance:MavenJavaGpID.SeleniumTest@7946e1f4]" name="SeleniumUITest" duration-ms="2" started-at="2019-03-21T19:17:35Z" finished-at="2019-03-21T19:17:35Z">
          <reporter-output>
          </reporter-output>
        </test-method> <!-- SeleniumUITest -->
      </class> <!-- MavenJavaGpID.SeleniumTest -->
      <class name="MavenJavaGpID.AppiumTest">
        <test-method status="PASS" signature="AppiumUITest()[pri:0, instance:MavenJavaGpID.AppiumTest@39fb3ab6]" name="AppiumUITest" duration-ms="22" started-at="2019-03-21T19:17:35Z" finished-at="2019-03-21T19:17:35Z">
          <reporter-output>
          </reporter-output>
        </test-method> <!-- AppiumUITest -->
      </class> <!-- MavenJavaGpID.AppiumTest -->
    </test> <!-- Surefire test -->
  </suite> <!-- Surefire suite -->
</testng-results>
